2024.02.20-22:21:31.73@0: 
2024.02.20-22:21:31.73@0: 
2024.02.20-22:21:31.73@0: /nova/bin/smb
2024.02.20-22:21:31.73@0: --- signal=11 --------------------------------------------
2024.02.20-22:21:31.73@0: 
2024.02.20-22:21:31.73@0: eip=0x080616c0 eflags=0x00010216
2024.02.20-22:21:31.73@0: edi=0x00000000 esi=0xe9499f65 ebp=0x7ffff498 esp=0x7ffff460
2024.02.20-22:21:31.73@0: eax=0x1ebebf2d ebx=0x080851c0 ecx=0x08085e20 edx=0xe1414145
2024.02.20-22:21:31.73@0: 
2024.02.20-22:21:31.73@0: maps:
2024.02.20-22:21:31.73@0: 08048000-08071000 r-xp 00000000 00:0b 1454       /nova/bin/smb
2024.02.20-22:21:31.73@0: 77f34000-77f69000 r-xp 00000000 00:0b 1276       /lib/libuClibc-0.9.33.2.so
2024.02.20-22:21:31.73@0: 77f6d000-77f87000 r-xp 00000000 00:0b 1272       /lib/libgcc_s.so.1
2024.02.20-22:21:31.73@0: 77f88000-77f97000 r-xp 00000000 00:0b 1256       /lib/libuc++.so
2024.02.20-22:21:31.73@0: 77f98000-77f9c000 r-xp 00000000 00:0b 1260       /lib/libucrypto.so
2024.02.20-22:21:31.73@0: 77f9d000-77fe8000 r-xp 00000000 00:0b 1258       /lib/libumsg.so
2024.02.20-22:21:31.73@0: 77feb000-77ff3000 r-xp 00000000 00:0b 1262       /lib/libubox.so
2024.02.20-22:21:31.73@0: 77ff7000-77ffe000 r-xp 00000000 00:0b 1270       /lib/ld-uClibc-0.9.33.2.so
2024.02.20-22:21:31.73@0: 
2024.02.20-22:21:31.73@0: stack: 0x80000000 - 0x7ffff460 
2024.02.20-22:21:31.73@0: 00 00 00 00 00 00 00 00 00 00 00 00 c0 51 08 08 fc 56 08 08 00 00 00 00 b8 f4 ff 7f bc 60 05 08 
2024.02.20-22:21:31.73@0: 04 00 00 00 50 00 00 00 b8 f4 ff 7f c0 51 08 08 f0 56 08 08 00 00 00 00 c8 f4 ff 7f 84 e3 05 08 
2024.02.20-22:21:31.73@0: 
2024.02.20-22:21:31.73@0: code: 0x80616c0
2024.02.20-22:21:31.73@0: 8b 3e 66 c1 c7 08 c1 c7 10 66 c1 c7 08 81 ff 42 
2024.02.20-22:21:31.73@0: 
2024.02.20-22:21:31.73@0: backtrace: 0x080616c0 0x0805e384 0x0805e3d4 0x0805e3ad 0x0805e6b2 0x77fbec4b 0x77fbeca3 0x77fc5745 0x0804d827 0x77f62fcb 0x0804d87d 
2024.02.20-22:21:31.73@0: 
2024.02.20-22:31:28.43@0: 
2024.02.20-22:31:28.43@0: 
2024.02.20-22:31:28.44@0: /nova/bin/smb
2024.02.20-22:31:28.44@0: --- signal=11 --------------------------------------------
2024.02.20-22:31:28.44@0: 
2024.02.20-22:31:28.44@0: eip=0x080616c0 eflags=0x00010212
2024.02.20-22:31:28.44@0: edi=0x00000000 esi=0xe908559c ebp=0x7ffff498 esp=0x7ffff460
2024.02.20-22:31:28.44@0: eax=0x1f00006e ebx=0x080850b8 ecx=0x08085598 edx=0xe1000004
2024.02.20-22:31:28.44@0: 
2024.02.20-22:31:28.44@0: maps:
2024.02.20-22:31:28.44@0: 08048000-08071000 r-xp 00000000 00:0b 1454       /nova/bin/smb
2024.02.20-22:31:28.44@0: 77f34000-77f69000 r-xp 00000000 00:0b 1276       /lib/libuClibc-0.9.33.2.so
2024.02.20-22:31:28.44@0: 77f6d000-77f87000 r-xp 00000000 00:0b 1272       /lib/libgcc_s.so.1
2024.02.20-22:31:28.44@0: 77f88000-77f97000 r-xp 00000000 00:0b 1256       /lib/libuc++.so
2024.02.20-22:31:28.44@0: 77f98000-77f9c000 r-xp 00000000 00:0b 1260       /lib/libucrypto.so
2024.02.20-22:31:28.44@0: 77f9d000-77fe8000 r-xp 00000000 00:0b 1258       /lib/libumsg.so
2024.02.20-22:31:28.44@0: 77feb000-77ff3000 r-xp 00000000 00:0b 1262       /lib/libubox.so
2024.02.20-22:31:28.44@0: 77ff7000-77ffe000 r-xp 00000000 00:0b 1270       /lib/ld-uClibc-0.9.33.2.so
2024.02.20-22:31:28.44@0: 
2024.02.20-22:31:28.44@0: stack: 0x80000000 - 0x7ffff460 
2024.02.20-22:31:28.44@0: 00 00 00 00 00 00 00 00 00 00 00 00 b8 50 08 08 84 4c 07 08 00 00 00 00 b8 f4 ff 7f bc 60 05 08 
2024.02.20-22:31:28.44@0: 04 00 00 00 50 00 00 00 b8 f4 ff 7f b8 50 08 08 78 4c 07 08 00 00 00 00 c8 f4 ff 7f 84 e3 05 08 
2024.02.20-22:31:28.44@0: 
2024.02.20-22:31:28.44@0: code: 0x80616c0
2024.02.20-22:31:28.44@0: 8b 3e 66 c1 c7 08 c1 c7 10 66 c1 c7 08 81 ff 42 
2024.02.20-22:31:28.44@0: 
2024.02.20-22:31:28.44@0: backtrace: 0x080616c0 0x0805e384 0x0805e3d4 0x0805e3ad 0x0805e6b2 0x77fbec4b 0x77fbeca3 0x77fc5745 0x0804d827 0x77f62fcb 0x0804d87d 
2024.02.20-22:31:28.44@0: 
